{"/Users/le.poltanova/Documents/frontend-project-46/src/compare.js": {"path":"/Users/le.poltanova/Documents/frontend-project-46/src/compare.js","statementMap":{"0":{"start":{"line":3,"column":16},"end":{"line":27,"column":1}},"1":{"start":{"line":4,"column":16},"end":{"line":4,"column":28}},"2":{"start":{"line":5,"column":16},"end":{"line":5,"column":28}},"3":{"start":{"line":6,"column":16},"end":{"line":6,"column":37}},"4":{"start":{"line":7,"column":18},"end":{"line":7,"column":33}},"5":{"start":{"line":9,"column":17},"end":{"line":25,"column":19}},"6":{"start":{"line":10,"column":17},"end":{"line":10,"column":27}},"7":{"start":{"line":11,"column":18},"end":{"line":11,"column":28}},"8":{"start":{"line":12,"column":19},"end":{"line":12,"column":29}},"9":{"start":{"line":14,"column":4},"end":{"line":23,"column":5}},"10":{"start":{"line":15,"column":6},"end":{"line":15,"column":42}},"11":{"start":{"line":16,"column":11},"end":{"line":23,"column":5}},"12":{"start":{"line":17,"column":6},"end":{"line":17,"column":43}},"13":{"start":{"line":18,"column":11},"end":{"line":23,"column":5}},"14":{"start":{"line":19,"column":6},"end":{"line":19,"column":43}},"15":{"start":{"line":20,"column":6},"end":{"line":20,"column":42}},"16":{"start":{"line":22,"column":6},"end":{"line":22,"column":44}},"17":{"start":{"line":24,"column":4},"end":{"line":24,"column":15}},"18":{"start":{"line":26,"column":2},"end":{"line":26,"column":27}}},"fnMap":{"0":{"name":"(anonymous_0)","decl":{"start":{"line":3,"column":16},"end":{"line":3,"column":17}},"loc":{"start":{"line":3,"column":32},"end":{"line":27,"column":1}},"line":3},"1":{"name":"(anonymous_1)","decl":{"start":{"line":9,"column":32},"end":{"line":9,"column":33}},"loc":{"start":{"line":9,"column":46},"end":{"line":25,"column":3}},"line":9}},"branchMap":{"0":{"loc":{"start":{"line":14,"column":4},"end":{"line":23,"column":5}},"type":"if","locations":[{"start":{"line":14,"column":4},"end":{"line":23,"column":5}},{"start":{"line":16,"column":11},"end":{"line":23,"column":5}}],"line":14},"1":{"loc":{"start":{"line":16,"column":11},"end":{"line":23,"column":5}},"type":"if","locations":[{"start":{"line":16,"column":11},"end":{"line":23,"column":5}},{"start":{"line":18,"column":11},"end":{"line":23,"column":5}}],"line":16},"2":{"loc":{"start":{"line":18,"column":11},"end":{"line":23,"column":5}},"type":"if","locations":[{"start":{"line":18,"column":11},"end":{"line":23,"column":5}},{"start":{"line":21,"column":11},"end":{"line":23,"column":5}}],"line":18}},"s":{"0":1,"1":3,"2":3,"3":3,"4":3,"5":3,"6":15,"7":15,"8":15,"9":15,"10":3,"11":12,"12":6,"13":6,"14":3,"15":3,"16":3,"17":15,"18":3},"f":{"0":3,"1":15},"b":{"0":[3,12],"1":[6,6],"2":[3,3]},"_coverageSchema":"1a1c01bbd47fc00a2c39e90264f33305004495a9","hash":"7836a865496133b5192111765da8ce8927a52078"}
,"/Users/le.poltanova/Documents/frontend-project-46/src/index.js": {"path":"/Users/le.poltanova/Documents/frontend-project-46/src/index.js","statementMap":{"0":{"start":{"line":6,"column":16},"end":{"line":19,"column":1}},"1":{"start":{"line":7,"column":23},"end":{"line":7,"column":58}},"2":{"start":{"line":8,"column":23},"end":{"line":8,"column":58}},"3":{"start":{"line":9,"column":2},"end":{"line":9,"column":28}},"4":{"start":{"line":10,"column":2},"end":{"line":10,"column":28}},"5":{"start":{"line":11,"column":23},"end":{"line":11,"column":68}},"6":{"start":{"line":11,"column":37},"end":{"line":11,"column":68}},"7":{"start":{"line":13,"column":22},"end":{"line":13,"column":66}},"8":{"start":{"line":14,"column":22},"end":{"line":14,"column":66}},"9":{"start":{"line":15,"column":2},"end":{"line":15,"column":27}},"10":{"start":{"line":16,"column":2},"end":{"line":16,"column":27}},"11":{"start":{"line":18,"column":2},"end":{"line":18,"column":43}}},"fnMap":{"0":{"name":"(anonymous_0)","decl":{"start":{"line":6,"column":16},"end":{"line":6,"column":17}},"loc":{"start":{"line":6,"column":42},"end":{"line":19,"column":1}},"line":6},"1":{"name":"(anonymous_1)","decl":{"start":{"line":11,"column":23},"end":{"line":11,"column":24}},"loc":{"start":{"line":11,"column":37},"end":{"line":11,"column":68}},"line":11}},"branchMap":{},"s":{"0":1,"1":3,"2":3,"3":3,"4":3,"5":3,"6":6,"7":3,"8":3,"9":3,"10":3,"11":3},"f":{"0":3,"1":6},"b":{},"_coverageSchema":"1a1c01bbd47fc00a2c39e90264f33305004495a9","hash":"655f383676292209783284752bc6b30c9614e034"}
,"/Users/le.poltanova/Documents/frontend-project-46/src/parse.js": {"path":"/Users/le.poltanova/Documents/frontend-project-46/src/parse.js","statementMap":{"0":{"start":{"line":12,"column":2},"end":{"line":21,"column":3}},"1":{"start":{"line":14,"column":6},"end":{"line":14,"column":30}},"2":{"start":{"line":16,"column":6},"end":{"line":16,"column":29}},"3":{"start":{"line":18,"column":6},"end":{"line":18,"column":29}},"4":{"start":{"line":20,"column":6},"end":{"line":20,"column":45}}},"fnMap":{"0":{"name":"(anonymous_0)","decl":{"start":{"line":11,"column":15},"end":{"line":11,"column":16}},"loc":{"start":{"line":11,"column":36},"end":{"line":22,"column":1}},"line":11}},"branchMap":{"0":{"loc":{"start":{"line":12,"column":2},"end":{"line":21,"column":3}},"type":"switch","locations":[{"start":{"line":13,"column":4},"end":{"line":14,"column":30}},{"start":{"line":15,"column":4},"end":{"line":16,"column":29}},{"start":{"line":17,"column":4},"end":{"line":18,"column":29}},{"start":{"line":19,"column":4},"end":{"line":20,"column":45}}],"line":12}},"s":{"0":6,"1":2,"2":2,"3":2,"4":0},"f":{"0":6},"b":{"0":[2,2,2,0]},"_coverageSchema":"1a1c01bbd47fc00a2c39e90264f33305004495a9","hash":"3987baa97f2f184fd5a2883d3a32cd383b2a8e6f"}
}
