{"/Users/le.poltanova/Documents/frontend-project-46/src/compare.js": {"path":"/Users/le.poltanova/Documents/frontend-project-46/src/compare.js","statementMap":{"0":{"start":{"line":3,"column":16},"end":{"line":27,"column":1}},"1":{"start":{"line":4,"column":16},"end":{"line":4,"column":28}},"2":{"start":{"line":5,"column":16},"end":{"line":5,"column":28}},"3":{"start":{"line":6,"column":16},"end":{"line":6,"column":37}},"4":{"start":{"line":7,"column":18},"end":{"line":7,"column":33}},"5":{"start":{"line":9,"column":17},"end":{"line":25,"column":19}},"6":{"start":{"line":10,"column":17},"end":{"line":10,"column":27}},"7":{"start":{"line":11,"column":18},"end":{"line":11,"column":28}},"8":{"start":{"line":12,"column":19},"end":{"line":12,"column":29}},"9":{"start":{"line":14,"column":4},"end":{"line":23,"column":5}},"10":{"start":{"line":15,"column":6},"end":{"line":15,"column":42}},"11":{"start":{"line":16,"column":11},"end":{"line":23,"column":5}},"12":{"start":{"line":17,"column":6},"end":{"line":17,"column":43}},"13":{"start":{"line":18,"column":11},"end":{"line":23,"column":5}},"14":{"start":{"line":19,"column":6},"end":{"line":19,"column":43}},"15":{"start":{"line":20,"column":6},"end":{"line":20,"column":42}},"16":{"start":{"line":22,"column":6},"end":{"line":22,"column":44}},"17":{"start":{"line":24,"column":4},"end":{"line":24,"column":15}},"18":{"start":{"line":26,"column":2},"end":{"line":26,"column":27}}},"fnMap":{"0":{"name":"(anonymous_0)","decl":{"start":{"line":3,"column":16},"end":{"line":3,"column":17}},"loc":{"start":{"line":3,"column":32},"end":{"line":27,"column":1}},"line":3},"1":{"name":"(anonymous_1)","decl":{"start":{"line":9,"column":32},"end":{"line":9,"column":33}},"loc":{"start":{"line":9,"column":46},"end":{"line":25,"column":3}},"line":9}},"branchMap":{"0":{"loc":{"start":{"line":14,"column":4},"end":{"line":23,"column":5}},"type":"if","locations":[{"start":{"line":14,"column":4},"end":{"line":23,"column":5}},{"start":{"line":16,"column":11},"end":{"line":23,"column":5}}],"line":14},"1":{"loc":{"start":{"line":16,"column":11},"end":{"line":23,"column":5}},"type":"if","locations":[{"start":{"line":16,"column":11},"end":{"line":23,"column":5}},{"start":{"line":18,"column":11},"end":{"line":23,"column":5}}],"line":16},"2":{"loc":{"start":{"line":18,"column":11},"end":{"line":23,"column":5}},"type":"if","locations":[{"start":{"line":18,"column":11},"end":{"line":23,"column":5}},{"start":{"line":21,"column":11},"end":{"line":23,"column":5}}],"line":18}},"s":{"0":1,"1":1,"2":1,"3":1,"4":1,"5":1,"6":5,"7":5,"8":5,"9":5,"10":1,"11":4,"12":2,"13":2,"14":1,"15":1,"16":1,"17":5,"18":1},"f":{"0":1,"1":5},"b":{"0":[1,4],"1":[2,2],"2":[1,1]},"_coverageSchema":"1a1c01bbd47fc00a2c39e90264f33305004495a9","hash":"7836a865496133b5192111765da8ce8927a52078"}
,"/Users/le.poltanova/Documents/frontend-project-46/src/index.js": {"path":"/Users/le.poltanova/Documents/frontend-project-46/src/index.js","statementMap":{"0":{"start":{"line":4,"column":16},"end":{"line":16,"column":1}},"1":{"start":{"line":5,"column":23},"end":{"line":5,"column":58}},"2":{"start":{"line":6,"column":23},"end":{"line":6,"column":58}},"3":{"start":{"line":10,"column":22},"end":{"line":10,"column":46}},"4":{"start":{"line":11,"column":22},"end":{"line":11,"column":46}},"5":{"start":{"line":15,"column":2},"end":{"line":15,"column":43}}},"fnMap":{"0":{"name":"(anonymous_0)","decl":{"start":{"line":4,"column":16},"end":{"line":4,"column":17}},"loc":{"start":{"line":4,"column":42},"end":{"line":16,"column":1}},"line":4}},"branchMap":{},"s":{"0":1,"1":1,"2":1,"3":1,"4":1,"5":1},"f":{"0":1},"b":{},"_coverageSchema":"1a1c01bbd47fc00a2c39e90264f33305004495a9","hash":"442e2eab1555af3b596b2828dfb1e4f644c9435a"}
}
