TN:
SF:src/compare.js
FN:3,(anonymous_0)
FN:9,(anonymous_1)
FNF:2
FNH:2
FNDA:3,(anonymous_0)
FNDA:15,(anonymous_1)
DA:3,1
DA:4,3
DA:5,3
DA:6,3
DA:7,3
DA:9,3
DA:10,15
DA:11,15
DA:12,15
DA:14,15
DA:15,3
DA:16,12
DA:17,6
DA:18,6
DA:19,3
DA:20,3
DA:22,3
DA:24,15
DA:26,3
LF:19
LH:19
BRDA:14,0,0,3
BRDA:14,0,1,12
BRDA:16,1,0,6
BRDA:16,1,1,6
BRDA:18,2,0,3
BRDA:18,2,1,3
BRF:6
BRH:6
end_of_record
TN:
SF:src/index.js
FN:6,(anonymous_0)
FN:11,(anonymous_1)
FNF:2
FNH:2
FNDA:3,(anonymous_0)
FNDA:6,(anonymous_1)
DA:6,1
DA:7,3
DA:8,3
DA:9,3
DA:10,3
DA:11,6
DA:13,3
DA:14,3
DA:15,3
DA:16,3
DA:18,3
LF:11
LH:11
BRF:0
BRH:0
end_of_record
TN:
SF:src/parse.js
FN:11,(anonymous_0)
FNF:1
FNH:1
FNDA:6,(anonymous_0)
DA:12,6
DA:14,2
DA:16,2
DA:18,2
DA:20,0
LF:5
LH:4
BRDA:12,0,0,2
BRDA:12,0,1,2
BRDA:12,0,2,2
BRDA:12,0,3,0
BRF:4
BRH:3
end_of_record
