TN:
SF:src/compare.js
FN:3,(anonymous_0)
FN:9,(anonymous_1)
FNF:2
FNH:2
FNDA:1,(anonymous_0)
FNDA:5,(anonymous_1)
DA:3,1
DA:4,1
DA:5,1
DA:6,1
DA:7,1
DA:9,1
DA:10,5
DA:11,5
DA:12,5
DA:14,5
DA:15,1
DA:16,4
DA:17,2
DA:18,2
DA:19,1
DA:20,1
DA:22,1
DA:24,5
DA:26,1
LF:19
LH:19
BRDA:14,0,0,1
BRDA:14,0,1,4
BRDA:16,1,0,2
BRDA:16,1,1,2
BRDA:18,2,0,1
BRDA:18,2,1,1
BRF:6
BRH:6
end_of_record
TN:
SF:src/index.js
FN:4,(anonymous_0)
FNF:1
FNH:1
FNDA:1,(anonymous_0)
DA:4,1
DA:5,1
DA:6,1
DA:10,1
DA:11,1
DA:15,1
LF:6
LH:6
BRF:0
BRH:0
end_of_record
